<?xml version="1.0" encoding="UTF-8"?>
<testsuites name="Test Todos API" time="1.399" tests="2" failures="0" errors="0">
   <testsuite name="Test Todos API" tests="2" failures="0" errors="0" time="1.399" timestamp="2020-03-01 16:58:00" hostname="andrewrisse - localhost" id="Test Suites/Test Todos API">
      <properties>
         <property name="deviceName" value=""/>
         <property name="devicePlatform" value=""/>
         <property name="logFolder" value="/Users/andrewrisse/Library/Mobile Documents/com~apple~CloudDocs/Programming/risse-todos-api/Reports/20200301_165759/Test Todos API/20200301_165759"/>
         <property name="logFiles" value="/Users/andrewrisse/Library/Mobile Documents/com~apple~CloudDocs/Programming/risse-todos-api/Reports/20200301_165759/Test Todos API/20200301_165759/execution0.log"/>
         <property name="attachments" value=""/>
         <property name="hostName" value="andrewrisse - localhost"/>
         <property name="hostAddress" value="127.0.0.1"/>
         <property name="os" value="Mac OS X 64bit"/>
         <property name="katalonVersion" value="7.2.1.1"/>
      </properties>
      <testcase name="Test Cases/Create Todo" time="0.957" classname="Test Cases/Create Todo" status="PASSED">
         <system-out><![CDATA[2020-03-01 16:58:00 - [TEST_CASE][PASSED] - Test Cases/Create Todo: Test Cases/Create Todo

2020-03-01 16:58:01 - [TEST_STEP][PASSED] - sendRequestAndVerify(findTestObject("createTodo")): Send request and verify the response successfully

2020-03-01 16:58:01 - [MESSAGE][INFO] - HAR: /Users/andrewrisse/Library/Mobile Documents/com~apple~CloudDocs/Programming/risse-todos-api/Reports/20200301_165759/Test Todos API/20200301_165759/requests/main/0.har

2020-03-01 16:58:01 - [TEST_CASE][PASSED] - Start Test Case : Verification: Verification accomplished successfully

2020-03-01 16:58:01 - [TEST_STEP][PASSED] - request = getInstance().getCurrentRequest(): null

2020-03-01 16:58:01 - [TEST_STEP][PASSED] - response = getInstance().getCurrentResponse(): null

2020-03-01 16:58:01 - [TEST_STEP][PASSED] - verifyResponseStatusCode(response, 400): Verify response status code successfully

2020-03-01 16:58:01 - [MESSAGE][PASSED] - Verify response status code successfully

2020-03-01 16:58:01 - [TEST_STEP][PASSED] - verifyElementPropertyValue(response, "errors.name.message", "Name cannot be blank!"): Verify element property value successfully

2020-03-01 16:58:01 - [MESSAGE][PASSED] - Verify element property value successfully

2020-03-01 16:58:01 - [MESSAGE][PASSED] - Verify response successfully

2020-03-01 16:58:01 - [MESSAGE][PASSED] - Send request and verify the response successfully]]></system-out>
         <system-err><![CDATA[]]></system-err>
      </testcase>
      <testcase name="Test Cases/Create Todo Without Name" time="0.277" classname="Test Cases/Create Todo Without Name" status="PASSED">
         <system-out><![CDATA[2020-03-01 16:58:01 - [TEST_CASE][PASSED] - Test Cases/Create Todo Without Name: Test Cases/Create Todo Without Name

2020-03-01 16:58:01 - [TEST_STEP][PASSED] - sendRequestAndVerify(findTestObject("createTodo")): Send request and verify the response successfully

2020-03-01 16:58:02 - [MESSAGE][INFO] - HAR: /Users/andrewrisse/Library/Mobile Documents/com~apple~CloudDocs/Programming/risse-todos-api/Reports/20200301_165759/Test Todos API/20200301_165759/requests/main/1.har

2020-03-01 16:58:02 - [TEST_CASE][PASSED] - Start Test Case : Verification: Verification accomplished successfully

2020-03-01 16:58:02 - [TEST_STEP][PASSED] - request = getInstance().getCurrentRequest(): null

2020-03-01 16:58:02 - [TEST_STEP][PASSED] - response = getInstance().getCurrentResponse(): null

2020-03-01 16:58:02 - [TEST_STEP][PASSED] - verifyResponseStatusCode(response, 400): Verify response status code successfully

2020-03-01 16:58:02 - [MESSAGE][PASSED] - Verify response status code successfully

2020-03-01 16:58:02 - [TEST_STEP][PASSED] - verifyElementPropertyValue(response, "errors.name.message", "Name cannot be blank!"): Verify element property value successfully

2020-03-01 16:58:02 - [MESSAGE][PASSED] - Verify element property value successfully

2020-03-01 16:58:02 - [MESSAGE][PASSED] - Verify response successfully

2020-03-01 16:58:02 - [MESSAGE][PASSED] - Send request and verify the response successfully]]></system-out>
         <system-err><![CDATA[]]></system-err>
      </testcase>
      <system-out><![CDATA[2020-03-01 16:58:00 - [TEST_SUITE][PASSED] - Test Todos API: Test Cases/Create Todo Without Name]]></system-out>
      <system-err><![CDATA[]]></system-err>
   </testsuite>
</testsuites>
