<?xml version="1.0" encoding="UTF-8"?>
<testsuites name="Test Todos API" time="2.097" tests="4" failures="0" errors="0">
   <testsuite name="Test Todos API" tests="4" failures="0" errors="0" time="2.097" timestamp="2020-03-05 20:31:09" hostname="andrewrisse - localhost" id="Test Suites/Test Todos API">
      <properties>
         <property name="deviceName" value=""/>
         <property name="devicePlatform" value=""/>
         <property name="logFolder" value="/Users/andrewrisse/Library/Mobile Documents/com~apple~CloudDocs/Programming/risse-todos-api/Reports/20200305_203107/Test Todos API/20200305_203107"/>
         <property name="logFiles" value="/Users/andrewrisse/Library/Mobile Documents/com~apple~CloudDocs/Programming/risse-todos-api/Reports/20200305_203107/Test Todos API/20200305_203107/execution0.log"/>
         <property name="attachments" value=""/>
         <property name="hostName" value="andrewrisse - localhost"/>
         <property name="hostAddress" value="127.0.0.1"/>
         <property name="os" value="Mac OS X 64bit"/>
         <property name="katalonVersion" value="7.2.1.1"/>
      </properties>
      <testcase name="Test Cases/Create Todo" time="1.054" classname="Test Cases/Create Todo" status="PASSED">
         <system-out><![CDATA[2020-03-05 20:31:09 - [TEST_CASE][PASSED] - Test Cases/Create Todo: Test Cases/Create Todo

2020-03-05 20:31:09 - [TEST_STEP][PASSED] - sendRequestAndVerify(findTestObject("createTodo")): Send request and verify the response successfully

2020-03-05 20:31:09 - [MESSAGE][INFO] - HAR: /Users/andrewrisse/Library/Mobile Documents/com~apple~CloudDocs/Programming/risse-todos-api/Reports/20200305_203107/Test Todos API/20200305_203107/requests/main/0.har

2020-03-05 20:31:10 - [TEST_CASE][PASSED] - Start Test Case : Verification: Verification accomplished successfully

2020-03-05 20:31:10 - [TEST_STEP][PASSED] - response = getInstance().getCurrentResponse(): null

2020-03-05 20:31:10 - [TEST_STEP][PASSED] - verifyResponseStatusCode(response, 201): Verify response status code successfully

2020-03-05 20:31:10 - [MESSAGE][PASSED] - Verify response status code successfully

2020-03-05 20:31:10 - [TEST_STEP][PASSED] - getStatusCode()).isEqualTo(201): null

2020-03-05 20:31:10 - [TEST_STEP][PASSED] - verifyElementPropertyValue(response, "name", "My Test Todo"): Verify element property value successfully

2020-03-05 20:31:10 - [MESSAGE][PASSED] - Verify element property value successfully

2020-03-05 20:31:10 - [MESSAGE][PASSED] - Verify response successfully

2020-03-05 20:31:10 - [MESSAGE][PASSED] - Send request and verify the response successfully]]></system-out>
         <system-err><![CDATA[]]></system-err>
      </testcase>
      <testcase name="Test Cases/Get All Todos" time="0.18" classname="Test Cases/Get All Todos" status="PASSED">
         <system-out><![CDATA[2020-03-05 20:31:10 - [TEST_CASE][PASSED] - Test Cases/Get All Todos: Test Cases/Get All Todos

2020-03-05 20:31:10 - [TEST_STEP][PASSED] - sendRequest(findTestObject("getTodos")): Send request successfully

2020-03-05 20:31:10 - [MESSAGE][INFO] - HAR: /Users/andrewrisse/Library/Mobile Documents/com~apple~CloudDocs/Programming/risse-todos-api/Reports/20200305_203107/Test Todos API/20200305_203107/requests/main/1.har

2020-03-05 20:31:10 - [MESSAGE][PASSED] - Send request successfully]]></system-out>
         <system-err><![CDATA[]]></system-err>
      </testcase>
      <testcase name="Test Cases/Create Todo Without A Name" time="0.162" classname="Test Cases/Create Todo Without A Name" status="PASSED">
         <system-out><![CDATA[2020-03-05 20:31:10 - [TEST_CASE][PASSED] - Test Cases/Create Todo Without A Name: Test Cases/Create Todo Without A Name

2020-03-05 20:31:10 - [TEST_STEP][PASSED] - sendRequest(findTestObject("createTodoNoName")): Send request successfully

2020-03-05 20:31:10 - [MESSAGE][INFO] - HAR: /Users/andrewrisse/Library/Mobile Documents/com~apple~CloudDocs/Programming/risse-todos-api/Reports/20200305_203107/Test Todos API/20200305_203107/requests/main/2.har

2020-03-05 20:31:10 - [MESSAGE][PASSED] - Send request successfully]]></system-out>
         <system-err><![CDATA[]]></system-err>
      </testcase>
      <testcase name="Test Cases/Delete Created Todo" time="0.533" classname="Test Cases/Delete Created Todo" status="PASSED">
         <system-out><![CDATA[2020-03-05 20:31:10 - [TEST_CASE][PASSED] - Test Cases/Delete Created Todo: Test Cases/Delete Created Todo

2020-03-05 20:31:10 - [TEST_STEP][PASSED] - response = sendRequestAndVerify(findTestObject("getTodos")): Send request and verify the response successfully

2020-03-05 20:31:10 - [MESSAGE][INFO] - HAR: /Users/andrewrisse/Library/Mobile Documents/com~apple~CloudDocs/Programming/risse-todos-api/Reports/20200305_203107/Test Todos API/20200305_203107/requests/main/3.har

2020-03-05 20:31:10 - [TEST_CASE][PASSED] - Start Test Case : Verification: Verification accomplished successfully

2020-03-05 20:31:10 - [TEST_STEP][PASSED] - request = getInstance().getCurrentRequest(): null

2020-03-05 20:31:10 - [TEST_STEP][PASSED] - response = getInstance().getCurrentResponse(): null

2020-03-05 20:31:10 - [TEST_STEP][PASSED] - verifyResponseStatusCode(response, 200): Verify response status code successfully

2020-03-05 20:31:10 - [MESSAGE][PASSED] - Verify response status code successfully

2020-03-05 20:31:10 - [TEST_STEP][PASSED] - toString()).isEqualTo("[application/json; charset=utf-8]"): null

2020-03-05 20:31:10 - [TEST_STEP][PASSED] - containsKey("Content-Type")).isTrue(): null

2020-03-05 20:31:10 - [MESSAGE][PASSED] - Verify response successfully

2020-03-05 20:31:10 - [MESSAGE][PASSED] - Send request and verify the response successfully

2020-03-05 20:31:10 - [TEST_STEP][PASSED] - jsonSlurper = new groovy.json.JsonSlurper(): null

2020-03-05 20:31:10 - [TEST_STEP][PASSED] - jsonResponse = jsonSlurper.parseText(response.getResponseText()): null

2020-03-05 20:31:10 - [TEST_STEP][PASSED] - newestTodoId = _id: null

2020-03-05 20:31:10 - [TEST_STEP][PASSED] - sendRequestAndVerify(findTestObject("deleteTodo", ["todoId":newestTodoId])): Send request and verify the response successfully

2020-03-05 20:31:11 - [MESSAGE][INFO] - HAR: /Users/andrewrisse/Library/Mobile Documents/com~apple~CloudDocs/Programming/risse-todos-api/Reports/20200305_203107/Test Todos API/20200305_203107/requests/main/4.har

2020-03-05 20:31:11 - [TEST_CASE][PASSED] - Start Test Case : Verification: Verification accomplished successfully

2020-03-05 20:31:11 - [TEST_STEP][PASSED] - request = getInstance().getCurrentRequest(): null

2020-03-05 20:31:11 - [TEST_STEP][PASSED] - response = getInstance().getCurrentResponse(): null

2020-03-05 20:31:11 - [TEST_STEP][PASSED] - verifyResponseStatusCode(response, 204): Verify response status code successfully

2020-03-05 20:31:11 - [MESSAGE][PASSED] - Verify response status code successfully

2020-03-05 20:31:11 - [MESSAGE][PASSED] - Verify response successfully

2020-03-05 20:31:11 - [MESSAGE][PASSED] - Send request and verify the response successfully]]></system-out>
         <system-err><![CDATA[]]></system-err>
      </testcase>
      <system-out><![CDATA[2020-03-05 20:31:09 - [TEST_SUITE][PASSED] - Test Todos API: Test Cases/Delete Created Todo]]></system-out>
      <system-err><![CDATA[]]></system-err>
   </testsuite>
</testsuites>
