<?xml version="1.0" encoding="UTF-8"?>
<testsuites name="Test Todos API" time="1.433" tests="4" failures="0" errors="0">
   <testsuite name="Test Todos API" tests="4" failures="0" errors="0" time="1.433" timestamp="2020-03-01 17:46:12" hostname="andrewrisse - localhost" id="Test Suites/Test Todos API">
      <properties>
         <property name="deviceName" value=""/>
         <property name="devicePlatform" value=""/>
         <property name="logFolder" value="/Users/andrewrisse/Library/Mobile Documents/com~apple~CloudDocs/Programming/risse-todos-api/Reports/20200301_174611/Test Todos API/20200301_174611"/>
         <property name="logFiles" value="/Users/andrewrisse/Library/Mobile Documents/com~apple~CloudDocs/Programming/risse-todos-api/Reports/20200301_174611/Test Todos API/20200301_174611/execution0.log"/>
         <property name="attachments" value=""/>
         <property name="hostName" value="andrewrisse - localhost"/>
         <property name="hostAddress" value="127.0.0.1"/>
         <property name="os" value="Mac OS X 64bit"/>
         <property name="katalonVersion" value="7.2.1.1"/>
      </properties>
      <testcase name="Test Cases/Get All Todos" time="0.704" classname="Test Cases/Get All Todos" status="PASSED">
         <system-out><![CDATA[2020-03-01 17:46:12 - [TEST_CASE][PASSED] - Test Cases/Get All Todos: Test Cases/Get All Todos

2020-03-01 17:46:12 - [TEST_STEP][PASSED] - sendRequest(findTestObject("getTodos")): Send request successfully

2020-03-01 17:46:13 - [MESSAGE][INFO] - HAR: /Users/andrewrisse/Library/Mobile Documents/com~apple~CloudDocs/Programming/risse-todos-api/Reports/20200301_174611/Test Todos API/20200301_174611/requests/main/0.har

2020-03-01 17:46:13 - [MESSAGE][PASSED] - Send request successfully]]></system-out>
         <system-err><![CDATA[]]></system-err>
      </testcase>
      <testcase name="Test Cases/Create Todo" time="0.185" classname="Test Cases/Create Todo" status="PASSED">
         <system-out><![CDATA[2020-03-01 17:46:13 - [TEST_CASE][PASSED] - Test Cases/Create Todo: Test Cases/Create Todo

2020-03-01 17:46:13 - [TEST_STEP][PASSED] - sendRequest(findTestObject("createTodo")): Send request successfully

2020-03-01 17:46:13 - [MESSAGE][INFO] - HAR: /Users/andrewrisse/Library/Mobile Documents/com~apple~CloudDocs/Programming/risse-todos-api/Reports/20200301_174611/Test Todos API/20200301_174611/requests/main/1.har

2020-03-01 17:46:13 - [MESSAGE][PASSED] - Send request successfully]]></system-out>
         <system-err><![CDATA[]]></system-err>
      </testcase>
      <testcase name="Test Cases/Create Todo Without A Name" time="0.177" classname="Test Cases/Create Todo Without A Name" status="PASSED">
         <system-out><![CDATA[2020-03-01 17:46:13 - [TEST_CASE][PASSED] - Test Cases/Create Todo Without A Name: Test Cases/Create Todo Without A Name

2020-03-01 17:46:13 - [TEST_STEP][PASSED] - sendRequest(findTestObject("createTodoNoName")): Send request successfully

2020-03-01 17:46:13 - [MESSAGE][INFO] - HAR: /Users/andrewrisse/Library/Mobile Documents/com~apple~CloudDocs/Programming/risse-todos-api/Reports/20200301_174611/Test Todos API/20200301_174611/requests/main/2.har

2020-03-01 17:46:13 - [MESSAGE][PASSED] - Send request successfully]]></system-out>
         <system-err><![CDATA[]]></system-err>
      </testcase>
      <testcase name="Test Cases/Get Walk Dog Todo" time="0.205" classname="Test Cases/Get Walk Dog Todo" status="PASSED">
         <system-out><![CDATA[2020-03-01 17:46:13 - [TEST_CASE][PASSED] - Test Cases/Get Walk Dog Todo: Test Cases/Get Walk Dog Todo

2020-03-01 17:46:13 - [TEST_STEP][PASSED] - sendRequest(findTestObject("getTodo", ["todoId":"5de7fe98b67be000173ad1c9"])): Send request successfully

2020-03-01 17:46:13 - [MESSAGE][INFO] - HAR: /Users/andrewrisse/Library/Mobile Documents/com~apple~CloudDocs/Programming/risse-todos-api/Reports/20200301_174611/Test Todos API/20200301_174611/requests/main/3.har

2020-03-01 17:46:13 - [MESSAGE][PASSED] - Send request successfully]]></system-out>
         <system-err><![CDATA[]]></system-err>
      </testcase>
      <system-out><![CDATA[2020-03-01 17:46:12 - [TEST_SUITE][PASSED] - Test Todos API: Test Cases/Get Walk Dog Todo]]></system-out>
      <system-err><![CDATA[]]></system-err>
   </testsuite>
</testsuites>
